Linked: (/home/saad/catkin_ws/devel/.private/uuv_gazebo_ros_plugins_msgs/include/uuv_gazebo_ros_plugins_msgs/SetFloatRequest.h, /home/saad/catkin_ws/devel/include/uuv_gazebo_ros_plugins_msgs/SetFloatRequest.h)
Linked: (/home/saad/catkin_ws/devel/.private/uuv_gazebo_ros_plugins_msgs/include/uuv_gazebo_ros_plugins_msgs/ThrusterConversionFcn.h, /home/saad/catkin_ws/devel/include/uuv_gazebo_ros_plugins_msgs/ThrusterConversionFcn.h)
Linked: (/home/saad/catkin_ws/devel/.private/uuv_gazebo_ros_plugins_msgs/include/uuv_gazebo_ros_plugins_msgs/GetFloatResponse.h, /home/saad/catkin_ws/devel/include/uuv_gazebo_ros_plugins_msgs/GetFloatResponse.h)
Linked: (/home/saad/catkin_ws/devel/.private/uuv_gazebo_ros_plugins_msgs/include/uuv_gazebo_ros_plugins_msgs/GetListParamRequest.h, /home/saad/catkin_ws/devel/include/uuv_gazebo_ros_plugins_msgs/GetListParamRequest.h)
Linked: (/home/saad/catkin_ws/devel/.private/uuv_gazebo_ros_plugins_msgs/include/uuv_gazebo_ros_plugins_msgs/GetThrusterConversionFcnResponse.h, /home/saad/catkin_ws/devel/include/uuv_gazebo_ros_plugins_msgs/GetThrusterConversionFcnResponse.h)
Linked: (/home/saad/catkin_ws/devel/.private/uuv_gazebo_ros_plugins_msgs/include/uuv_gazebo_ros_plugins_msgs/UnderwaterObjectModel.h, /home/saad/catkin_ws/devel/include/uuv_gazebo_ros_plugins_msgs/UnderwaterObjectModel.h)
Linked: (/home/saad/catkin_ws/devel/.private/uuv_gazebo_ros_plugins_msgs/include/uuv_gazebo_ros_plugins_msgs/GetThrusterEfficiencyResponse.h, /home/saad/catkin_ws/devel/include/uuv_gazebo_ros_plugins_msgs/GetThrusterEfficiencyResponse.h)
Linked: (/home/saad/catkin_ws/devel/.private/uuv_gazebo_ros_plugins_msgs/include/uuv_gazebo_ros_plugins_msgs/SetThrusterEfficiencyResponse.h, /home/saad/catkin_ws/devel/include/uuv_gazebo_ros_plugins_msgs/SetThrusterEfficiencyResponse.h)
Linked: (/home/saad/catkin_ws/devel/.private/uuv_gazebo_ros_plugins_msgs/include/uuv_gazebo_ros_plugins_msgs/GetModelProperties.h, /home/saad/catkin_ws/devel/include/uuv_gazebo_ros_plugins_msgs/GetModelProperties.h)
Linked: (/home/saad/catkin_ws/devel/.private/uuv_gazebo_ros_plugins_msgs/include/uuv_gazebo_ros_plugins_msgs/GetThrusterEfficiencyRequest.h, /home/saad/catkin_ws/devel/include/uuv_gazebo_ros_plugins_msgs/GetThrusterEfficiencyRequest.h)
Linked: (/home/saad/catkin_ws/devel/.private/uuv_gazebo_ros_plugins_msgs/include/uuv_gazebo_ros_plugins_msgs/GetThrusterStateResponse.h, /home/saad/catkin_ws/devel/include/uuv_gazebo_ros_plugins_msgs/GetThrusterStateResponse.h)
Linked: (/home/saad/catkin_ws/devel/.private/uuv_gazebo_ros_plugins_msgs/include/uuv_gazebo_ros_plugins_msgs/GetModelPropertiesRequest.h, /home/saad/catkin_ws/devel/include/uuv_gazebo_ros_plugins_msgs/GetModelPropertiesRequest.h)
Linked: (/home/saad/catkin_ws/devel/.private/uuv_gazebo_ros_plugins_msgs/include/uuv_gazebo_ros_plugins_msgs/SetThrusterEfficiencyRequest.h, /home/saad/catkin_ws/devel/include/uuv_gazebo_ros_plugins_msgs/SetThrusterEfficiencyRequest.h)
Linked: (/home/saad/catkin_ws/devel/.private/uuv_gazebo_ros_plugins_msgs/include/uuv_gazebo_ros_plugins_msgs/SetUseGlobalCurrentVelRequest.h, /home/saad/catkin_ws/devel/include/uuv_gazebo_ros_plugins_msgs/SetUseGlobalCurrentVelRequest.h)
Linked: (/home/saad/catkin_ws/devel/.private/uuv_gazebo_ros_plugins_msgs/include/uuv_gazebo_ros_plugins_msgs/SetFloatResponse.h, /home/saad/catkin_ws/devel/include/uuv_gazebo_ros_plugins_msgs/SetFloatResponse.h)
Linked: (/home/saad/catkin_ws/devel/.private/uuv_gazebo_ros_plugins_msgs/include/uuv_gazebo_ros_plugins_msgs/GetFloatRequest.h, /home/saad/catkin_ws/devel/include/uuv_gazebo_ros_plugins_msgs/GetFloatRequest.h)
Linked: (/home/saad/catkin_ws/devel/.private/uuv_gazebo_ros_plugins_msgs/include/uuv_gazebo_ros_plugins_msgs/GetModelPropertiesResponse.h, /home/saad/catkin_ws/devel/include/uuv_gazebo_ros_plugins_msgs/GetModelPropertiesResponse.h)
Linked: (/home/saad/catkin_ws/devel/.private/uuv_gazebo_ros_plugins_msgs/include/uuv_gazebo_ros_plugins_msgs/GetThrusterConversionFcnRequest.h, /home/saad/catkin_ws/devel/include/uuv_gazebo_ros_plugins_msgs/GetThrusterConversionFcnRequest.h)
Linked: (/home/saad/catkin_ws/devel/.private/uuv_gazebo_ros_plugins_msgs/include/uuv_gazebo_ros_plugins_msgs/GetListParam.h, /home/saad/catkin_ws/devel/include/uuv_gazebo_ros_plugins_msgs/GetListParam.h)
Linked: (/home/saad/catkin_ws/devel/.private/uuv_gazebo_ros_plugins_msgs/include/uuv_gazebo_ros_plugins_msgs/SetUseGlobalCurrentVel.h, /home/saad/catkin_ws/devel/include/uuv_gazebo_ros_plugins_msgs/SetUseGlobalCurrentVel.h)
Linked: (/home/saad/catkin_ws/devel/.private/uuv_gazebo_ros_plugins_msgs/include/uuv_gazebo_ros_plugins_msgs/FloatStamped.h, /home/saad/catkin_ws/devel/include/uuv_gazebo_ros_plugins_msgs/FloatStamped.h)
Linked: (/home/saad/catkin_ws/devel/.private/uuv_gazebo_ros_plugins_msgs/include/uuv_gazebo_ros_plugins_msgs/GetListParamResponse.h, /home/saad/catkin_ws/devel/include/uuv_gazebo_ros_plugins_msgs/GetListParamResponse.h)
Linked: (/home/saad/catkin_ws/devel/.private/uuv_gazebo_ros_plugins_msgs/include/uuv_gazebo_ros_plugins_msgs/GetThrusterState.h, /home/saad/catkin_ws/devel/include/uuv_gazebo_ros_plugins_msgs/GetThrusterState.h)
Linked: (/home/saad/catkin_ws/devel/.private/uuv_gazebo_ros_plugins_msgs/include/uuv_gazebo_ros_plugins_msgs/SetUseGlobalCurrentVelResponse.h, /home/saad/catkin_ws/devel/include/uuv_gazebo_ros_plugins_msgs/SetUseGlobalCurrentVelResponse.h)
Linked: (/home/saad/catkin_ws/devel/.private/uuv_gazebo_ros_plugins_msgs/include/uuv_gazebo_ros_plugins_msgs/GetFloat.h, /home/saad/catkin_ws/devel/include/uuv_gazebo_ros_plugins_msgs/GetFloat.h)
Linked: (/home/saad/catkin_ws/devel/.private/uuv_gazebo_ros_plugins_msgs/include/uuv_gazebo_ros_plugins_msgs/SetThrusterState.h, /home/saad/catkin_ws/devel/include/uuv_gazebo_ros_plugins_msgs/SetThrusterState.h)
Linked: (/home/saad/catkin_ws/devel/.private/uuv_gazebo_ros_plugins_msgs/include/uuv_gazebo_ros_plugins_msgs/GetThrusterEfficiency.h, /home/saad/catkin_ws/devel/include/uuv_gazebo_ros_plugins_msgs/GetThrusterEfficiency.h)
Linked: (/home/saad/catkin_ws/devel/.private/uuv_gazebo_ros_plugins_msgs/include/uuv_gazebo_ros_plugins_msgs/SetThrusterStateRequest.h, /home/saad/catkin_ws/devel/include/uuv_gazebo_ros_plugins_msgs/SetThrusterStateRequest.h)
Linked: (/home/saad/catkin_ws/devel/.private/uuv_gazebo_ros_plugins_msgs/include/uuv_gazebo_ros_plugins_msgs/GetThrusterConversionFcn.h, /home/saad/catkin_ws/devel/include/uuv_gazebo_ros_plugins_msgs/GetThrusterConversionFcn.h)
Linked: (/home/saad/catkin_ws/devel/.private/uuv_gazebo_ros_plugins_msgs/include/uuv_gazebo_ros_plugins_msgs/SetThrusterEfficiency.h, /home/saad/catkin_ws/devel/include/uuv_gazebo_ros_plugins_msgs/SetThrusterEfficiency.h)
Linked: (/home/saad/catkin_ws/devel/.private/uuv_gazebo_ros_plugins_msgs/include/uuv_gazebo_ros_plugins_msgs/SetFloat.h, /home/saad/catkin_ws/devel/include/uuv_gazebo_ros_plugins_msgs/SetFloat.h)
Linked: (/home/saad/catkin_ws/devel/.private/uuv_gazebo_ros_plugins_msgs/include/uuv_gazebo_ros_plugins_msgs/SetThrusterStateResponse.h, /home/saad/catkin_ws/devel/include/uuv_gazebo_ros_plugins_msgs/SetThrusterStateResponse.h)
Linked: (/home/saad/catkin_ws/devel/.private/uuv_gazebo_ros_plugins_msgs/include/uuv_gazebo_ros_plugins_msgs/GetThrusterStateRequest.h, /home/saad/catkin_ws/devel/include/uuv_gazebo_ros_plugins_msgs/GetThrusterStateRequest.h)
Linked: (/home/saad/catkin_ws/devel/.private/uuv_gazebo_ros_plugins_msgs/share/roseus/ros/uuv_gazebo_ros_plugins_msgs/manifest.l, /home/saad/catkin_ws/devel/share/roseus/ros/uuv_gazebo_ros_plugins_msgs/manifest.l)
Linked: (/home/saad/catkin_ws/devel/.private/uuv_gazebo_ros_plugins_msgs/share/roseus/ros/uuv_gazebo_ros_plugins_msgs/msg/UnderwaterObjectModel.l, /home/saad/catkin_ws/devel/share/roseus/ros/uuv_gazebo_ros_plugins_msgs/msg/UnderwaterObjectModel.l)
Linked: (/home/saad/catkin_ws/devel/.private/uuv_gazebo_ros_plugins_msgs/share/roseus/ros/uuv_gazebo_ros_plugins_msgs/msg/ThrusterConversionFcn.l, /home/saad/catkin_ws/devel/share/roseus/ros/uuv_gazebo_ros_plugins_msgs/msg/ThrusterConversionFcn.l)
Linked: (/home/saad/catkin_ws/devel/.private/uuv_gazebo_ros_plugins_msgs/share/roseus/ros/uuv_gazebo_ros_plugins_msgs/msg/FloatStamped.l, /home/saad/catkin_ws/devel/share/roseus/ros/uuv_gazebo_ros_plugins_msgs/msg/FloatStamped.l)
Linked: (/home/saad/catkin_ws/devel/.private/uuv_gazebo_ros_plugins_msgs/share/roseus/ros/uuv_gazebo_ros_plugins_msgs/srv/GetThrusterEfficiency.l, /home/saad/catkin_ws/devel/share/roseus/ros/uuv_gazebo_ros_plugins_msgs/srv/GetThrusterEfficiency.l)
Linked: (/home/saad/catkin_ws/devel/.private/uuv_gazebo_ros_plugins_msgs/share/roseus/ros/uuv_gazebo_ros_plugins_msgs/srv/SetFloat.l, /home/saad/catkin_ws/devel/share/roseus/ros/uuv_gazebo_ros_plugins_msgs/srv/SetFloat.l)
Linked: (/home/saad/catkin_ws/devel/.private/uuv_gazebo_ros_plugins_msgs/share/roseus/ros/uuv_gazebo_ros_plugins_msgs/srv/GetFloat.l, /home/saad/catkin_ws/devel/share/roseus/ros/uuv_gazebo_ros_plugins_msgs/srv/GetFloat.l)
Linked: (/home/saad/catkin_ws/devel/.private/uuv_gazebo_ros_plugins_msgs/share/roseus/ros/uuv_gazebo_ros_plugins_msgs/srv/GetThrusterConversionFcn.l, /home/saad/catkin_ws/devel/share/roseus/ros/uuv_gazebo_ros_plugins_msgs/srv/GetThrusterConversionFcn.l)
Linked: (/home/saad/catkin_ws/devel/.private/uuv_gazebo_ros_plugins_msgs/share/roseus/ros/uuv_gazebo_ros_plugins_msgs/srv/GetThrusterState.l, /home/saad/catkin_ws/devel/share/roseus/ros/uuv_gazebo_ros_plugins_msgs/srv/GetThrusterState.l)
Linked: (/home/saad/catkin_ws/devel/.private/uuv_gazebo_ros_plugins_msgs/share/roseus/ros/uuv_gazebo_ros_plugins_msgs/srv/SetUseGlobalCurrentVel.l, /home/saad/catkin_ws/devel/share/roseus/ros/uuv_gazebo_ros_plugins_msgs/srv/SetUseGlobalCurrentVel.l)
Linked: (/home/saad/catkin_ws/devel/.private/uuv_gazebo_ros_plugins_msgs/share/roseus/ros/uuv_gazebo_ros_plugins_msgs/srv/GetListParam.l, /home/saad/catkin_ws/devel/share/roseus/ros/uuv_gazebo_ros_plugins_msgs/srv/GetListParam.l)
Linked: (/home/saad/catkin_ws/devel/.private/uuv_gazebo_ros_plugins_msgs/share/roseus/ros/uuv_gazebo_ros_plugins_msgs/srv/SetThrusterState.l, /home/saad/catkin_ws/devel/share/roseus/ros/uuv_gazebo_ros_plugins_msgs/srv/SetThrusterState.l)
Linked: (/home/saad/catkin_ws/devel/.private/uuv_gazebo_ros_plugins_msgs/share/roseus/ros/uuv_gazebo_ros_plugins_msgs/srv/GetModelProperties.l, /home/saad/catkin_ws/devel/share/roseus/ros/uuv_gazebo_ros_plugins_msgs/srv/GetModelProperties.l)
Linked: (/home/saad/catkin_ws/devel/.private/uuv_gazebo_ros_plugins_msgs/share/roseus/ros/uuv_gazebo_ros_plugins_msgs/srv/SetThrusterEfficiency.l, /home/saad/catkin_ws/devel/share/roseus/ros/uuv_gazebo_ros_plugins_msgs/srv/SetThrusterEfficiency.l)
Linked: (/home/saad/catkin_ws/devel/.private/uuv_gazebo_ros_plugins_msgs/share/uuv_gazebo_ros_plugins_msgs/cmake/uuv_gazebo_ros_plugins_msgs-msg-paths.cmake, /home/saad/catkin_ws/devel/share/uuv_gazebo_ros_plugins_msgs/cmake/uuv_gazebo_ros_plugins_msgs-msg-paths.cmake)
Linked: (/home/saad/catkin_ws/devel/.private/uuv_gazebo_ros_plugins_msgs/share/uuv_gazebo_ros_plugins_msgs/cmake/uuv_gazebo_ros_plugins_msgsConfig-version.cmake, /home/saad/catkin_ws/devel/share/uuv_gazebo_ros_plugins_msgs/cmake/uuv_gazebo_ros_plugins_msgsConfig-version.cmake)
Linked: (/home/saad/catkin_ws/devel/.private/uuv_gazebo_ros_plugins_msgs/share/uuv_gazebo_ros_plugins_msgs/cmake/uuv_gazebo_ros_plugins_msgsConfig.cmake, /home/saad/catkin_ws/devel/share/uuv_gazebo_ros_plugins_msgs/cmake/uuv_gazebo_ros_plugins_msgsConfig.cmake)
Linked: (/home/saad/catkin_ws/devel/.private/uuv_gazebo_ros_plugins_msgs/share/uuv_gazebo_ros_plugins_msgs/cmake/uuv_gazebo_ros_plugins_msgs-msg-extras.cmake, /home/saad/catkin_ws/devel/share/uuv_gazebo_ros_plugins_msgs/cmake/uuv_gazebo_ros_plugins_msgs-msg-extras.cmake)
Linked: (/home/saad/catkin_ws/devel/.private/uuv_gazebo_ros_plugins_msgs/share/common-lisp/ros/uuv_gazebo_ros_plugins_msgs/msg/_package.lisp, /home/saad/catkin_ws/devel/share/common-lisp/ros/uuv_gazebo_ros_plugins_msgs/msg/_package.lisp)
Linked: (/home/saad/catkin_ws/devel/.private/uuv_gazebo_ros_plugins_msgs/share/common-lisp/ros/uuv_gazebo_ros_plugins_msgs/msg/UnderwaterObjectModel.lisp, /home/saad/catkin_ws/devel/share/common-lisp/ros/uuv_gazebo_ros_plugins_msgs/msg/UnderwaterObjectModel.lisp)
Linked: (/home/saad/catkin_ws/devel/.private/uuv_gazebo_ros_plugins_msgs/share/common-lisp/ros/uuv_gazebo_ros_plugins_msgs/msg/_package_UnderwaterObjectModel.lisp, /home/saad/catkin_ws/devel/share/common-lisp/ros/uuv_gazebo_ros_plugins_msgs/msg/_package_UnderwaterObjectModel.lisp)
Linked: (/home/saad/catkin_ws/devel/.private/uuv_gazebo_ros_plugins_msgs/share/common-lisp/ros/uuv_gazebo_ros_plugins_msgs/msg/_package_FloatStamped.lisp, /home/saad/catkin_ws/devel/share/common-lisp/ros/uuv_gazebo_ros_plugins_msgs/msg/_package_FloatStamped.lisp)
Linked: (/home/saad/catkin_ws/devel/.private/uuv_gazebo_ros_plugins_msgs/share/common-lisp/ros/uuv_gazebo_ros_plugins_msgs/msg/uuv_gazebo_ros_plugins_msgs-msg.asd, /home/saad/catkin_ws/devel/share/common-lisp/ros/uuv_gazebo_ros_plugins_msgs/msg/uuv_gazebo_ros_plugins_msgs-msg.asd)
Linked: (/home/saad/catkin_ws/devel/.private/uuv_gazebo_ros_plugins_msgs/share/common-lisp/ros/uuv_gazebo_ros_plugins_msgs/msg/ThrusterConversionFcn.lisp, /home/saad/catkin_ws/devel/share/common-lisp/ros/uuv_gazebo_ros_plugins_msgs/msg/ThrusterConversionFcn.lisp)
Linked: (/home/saad/catkin_ws/devel/.private/uuv_gazebo_ros_plugins_msgs/share/common-lisp/ros/uuv_gazebo_ros_plugins_msgs/msg/_package_ThrusterConversionFcn.lisp, /home/saad/catkin_ws/devel/share/common-lisp/ros/uuv_gazebo_ros_plugins_msgs/msg/_package_ThrusterConversionFcn.lisp)
Linked: (/home/saad/catkin_ws/devel/.private/uuv_gazebo_ros_plugins_msgs/share/common-lisp/ros/uuv_gazebo_ros_plugins_msgs/msg/FloatStamped.lisp, /home/saad/catkin_ws/devel/share/common-lisp/ros/uuv_gazebo_ros_plugins_msgs/msg/FloatStamped.lisp)
Linked: (/home/saad/catkin_ws/devel/.private/uuv_gazebo_ros_plugins_msgs/share/common-lisp/ros/uuv_gazebo_ros_plugins_msgs/srv/_package.lisp, /home/saad/catkin_ws/devel/share/common-lisp/ros/uuv_gazebo_ros_plugins_msgs/srv/_package.lisp)
Linked: (/home/saad/catkin_ws/devel/.private/uuv_gazebo_ros_plugins_msgs/share/common-lisp/ros/uuv_gazebo_ros_plugins_msgs/srv/GetThrusterState.lisp, /home/saad/catkin_ws/devel/share/common-lisp/ros/uuv_gazebo_ros_plugins_msgs/srv/GetThrusterState.lisp)
Linked: (/home/saad/catkin_ws/devel/.private/uuv_gazebo_ros_plugins_msgs/share/common-lisp/ros/uuv_gazebo_ros_plugins_msgs/srv/SetUseGlobalCurrentVel.lisp, /home/saad/catkin_ws/devel/share/common-lisp/ros/uuv_gazebo_ros_plugins_msgs/srv/SetUseGlobalCurrentVel.lisp)
Linked: (/home/saad/catkin_ws/devel/.private/uuv_gazebo_ros_plugins_msgs/share/common-lisp/ros/uuv_gazebo_ros_plugins_msgs/srv/SetThrusterEfficiency.lisp, /home/saad/catkin_ws/devel/share/common-lisp/ros/uuv_gazebo_ros_plugins_msgs/srv/SetThrusterEfficiency.lisp)
Linked: (/home/saad/catkin_ws/devel/.private/uuv_gazebo_ros_plugins_msgs/share/common-lisp/ros/uuv_gazebo_ros_plugins_msgs/srv/GetFloat.lisp, /home/saad/catkin_ws/devel/share/common-lisp/ros/uuv_gazebo_ros_plugins_msgs/srv/GetFloat.lisp)
Linked: (/home/saad/catkin_ws/devel/.private/uuv_gazebo_ros_plugins_msgs/share/common-lisp/ros/uuv_gazebo_ros_plugins_msgs/srv/GetListParam.lisp, /home/saad/catkin_ws/devel/share/common-lisp/ros/uuv_gazebo_ros_plugins_msgs/srv/GetListParam.lisp)
Linked: (/home/saad/catkin_ws/devel/.private/uuv_gazebo_ros_plugins_msgs/share/common-lisp/ros/uuv_gazebo_ros_plugins_msgs/srv/_package_GetThrusterEfficiency.lisp, /home/saad/catkin_ws/devel/share/common-lisp/ros/uuv_gazebo_ros_plugins_msgs/srv/_package_GetThrusterEfficiency.lisp)
Linked: (/home/saad/catkin_ws/devel/.private/uuv_gazebo_ros_plugins_msgs/share/common-lisp/ros/uuv_gazebo_ros_plugins_msgs/srv/_package_SetThrusterState.lisp, /home/saad/catkin_ws/devel/share/common-lisp/ros/uuv_gazebo_ros_plugins_msgs/srv/_package_SetThrusterState.lisp)
Linked: (/home/saad/catkin_ws/devel/.private/uuv_gazebo_ros_plugins_msgs/share/common-lisp/ros/uuv_gazebo_ros_plugins_msgs/srv/_package_GetListParam.lisp, /home/saad/catkin_ws/devel/share/common-lisp/ros/uuv_gazebo_ros_plugins_msgs/srv/_package_GetListParam.lisp)
Linked: (/home/saad/catkin_ws/devel/.private/uuv_gazebo_ros_plugins_msgs/share/common-lisp/ros/uuv_gazebo_ros_plugins_msgs/srv/_package_SetFloat.lisp, /home/saad/catkin_ws/devel/share/common-lisp/ros/uuv_gazebo_ros_plugins_msgs/srv/_package_SetFloat.lisp)
Linked: (/home/saad/catkin_ws/devel/.private/uuv_gazebo_ros_plugins_msgs/share/common-lisp/ros/uuv_gazebo_ros_plugins_msgs/srv/uuv_gazebo_ros_plugins_msgs-srv.asd, /home/saad/catkin_ws/devel/share/common-lisp/ros/uuv_gazebo_ros_plugins_msgs/srv/uuv_gazebo_ros_plugins_msgs-srv.asd)
Linked: (/home/saad/catkin_ws/devel/.private/uuv_gazebo_ros_plugins_msgs/share/common-lisp/ros/uuv_gazebo_ros_plugins_msgs/srv/GetThrusterConversionFcn.lisp, /home/saad/catkin_ws/devel/share/common-lisp/ros/uuv_gazebo_ros_plugins_msgs/srv/GetThrusterConversionFcn.lisp)
Linked: (/home/saad/catkin_ws/devel/.private/uuv_gazebo_ros_plugins_msgs/share/common-lisp/ros/uuv_gazebo_ros_plugins_msgs/srv/GetThrusterEfficiency.lisp, /home/saad/catkin_ws/devel/share/common-lisp/ros/uuv_gazebo_ros_plugins_msgs/srv/GetThrusterEfficiency.lisp)
Linked: (/home/saad/catkin_ws/devel/.private/uuv_gazebo_ros_plugins_msgs/share/common-lisp/ros/uuv_gazebo_ros_plugins_msgs/srv/_package_GetModelProperties.lisp, /home/saad/catkin_ws/devel/share/common-lisp/ros/uuv_gazebo_ros_plugins_msgs/srv/_package_GetModelProperties.lisp)
Linked: (/home/saad/catkin_ws/devel/.private/uuv_gazebo_ros_plugins_msgs/share/common-lisp/ros/uuv_gazebo_ros_plugins_msgs/srv/_package_SetThrusterEfficiency.lisp, /home/saad/catkin_ws/devel/share/common-lisp/ros/uuv_gazebo_ros_plugins_msgs/srv/_package_SetThrusterEfficiency.lisp)
Linked: (/home/saad/catkin_ws/devel/.private/uuv_gazebo_ros_plugins_msgs/share/common-lisp/ros/uuv_gazebo_ros_plugins_msgs/srv/SetThrusterState.lisp, /home/saad/catkin_ws/devel/share/common-lisp/ros/uuv_gazebo_ros_plugins_msgs/srv/SetThrusterState.lisp)
Linked: (/home/saad/catkin_ws/devel/.private/uuv_gazebo_ros_plugins_msgs/share/common-lisp/ros/uuv_gazebo_ros_plugins_msgs/srv/GetModelProperties.lisp, /home/saad/catkin_ws/devel/share/common-lisp/ros/uuv_gazebo_ros_plugins_msgs/srv/GetModelProperties.lisp)
Linked: (/home/saad/catkin_ws/devel/.private/uuv_gazebo_ros_plugins_msgs/share/common-lisp/ros/uuv_gazebo_ros_plugins_msgs/srv/_package_SetUseGlobalCurrentVel.lisp, /home/saad/catkin_ws/devel/share/common-lisp/ros/uuv_gazebo_ros_plugins_msgs/srv/_package_SetUseGlobalCurrentVel.lisp)
Linked: (/home/saad/catkin_ws/devel/.private/uuv_gazebo_ros_plugins_msgs/share/common-lisp/ros/uuv_gazebo_ros_plugins_msgs/srv/_package_GetThrusterState.lisp, /home/saad/catkin_ws/devel/share/common-lisp/ros/uuv_gazebo_ros_plugins_msgs/srv/_package_GetThrusterState.lisp)
Linked: (/home/saad/catkin_ws/devel/.private/uuv_gazebo_ros_plugins_msgs/share/common-lisp/ros/uuv_gazebo_ros_plugins_msgs/srv/SetFloat.lisp, /home/saad/catkin_ws/devel/share/common-lisp/ros/uuv_gazebo_ros_plugins_msgs/srv/SetFloat.lisp)
Linked: (/home/saad/catkin_ws/devel/.private/uuv_gazebo_ros_plugins_msgs/share/common-lisp/ros/uuv_gazebo_ros_plugins_msgs/srv/_package_GetFloat.lisp, /home/saad/catkin_ws/devel/share/common-lisp/ros/uuv_gazebo_ros_plugins_msgs/srv/_package_GetFloat.lisp)
Linked: (/home/saad/catkin_ws/devel/.private/uuv_gazebo_ros_plugins_msgs/share/common-lisp/ros/uuv_gazebo_ros_plugins_msgs/srv/_package_GetThrusterConversionFcn.lisp, /home/saad/catkin_ws/devel/share/common-lisp/ros/uuv_gazebo_ros_plugins_msgs/srv/_package_GetThrusterConversionFcn.lisp)
Linked: (/home/saad/catkin_ws/devel/.private/uuv_gazebo_ros_plugins_msgs/share/gennodejs/ros/uuv_gazebo_ros_plugins_msgs/_index.js, /home/saad/catkin_ws/devel/share/gennodejs/ros/uuv_gazebo_ros_plugins_msgs/_index.js)
Linked: (/home/saad/catkin_ws/devel/.private/uuv_gazebo_ros_plugins_msgs/share/gennodejs/ros/uuv_gazebo_ros_plugins_msgs/msg/UnderwaterObjectModel.js, /home/saad/catkin_ws/devel/share/gennodejs/ros/uuv_gazebo_ros_plugins_msgs/msg/UnderwaterObjectModel.js)
Linked: (/home/saad/catkin_ws/devel/.private/uuv_gazebo_ros_plugins_msgs/share/gennodejs/ros/uuv_gazebo_ros_plugins_msgs/msg/ThrusterConversionFcn.js, /home/saad/catkin_ws/devel/share/gennodejs/ros/uuv_gazebo_ros_plugins_msgs/msg/ThrusterConversionFcn.js)
Linked: (/home/saad/catkin_ws/devel/.private/uuv_gazebo_ros_plugins_msgs/share/gennodejs/ros/uuv_gazebo_ros_plugins_msgs/msg/FloatStamped.js, /home/saad/catkin_ws/devel/share/gennodejs/ros/uuv_gazebo_ros_plugins_msgs/msg/FloatStamped.js)
Linked: (/home/saad/catkin_ws/devel/.private/uuv_gazebo_ros_plugins_msgs/share/gennodejs/ros/uuv_gazebo_ros_plugins_msgs/msg/_index.js, /home/saad/catkin_ws/devel/share/gennodejs/ros/uuv_gazebo_ros_plugins_msgs/msg/_index.js)
Linked: (/home/saad/catkin_ws/devel/.private/uuv_gazebo_ros_plugins_msgs/share/gennodejs/ros/uuv_gazebo_ros_plugins_msgs/srv/GetFloat.js, /home/saad/catkin_ws/devel/share/gennodejs/ros/uuv_gazebo_ros_plugins_msgs/srv/GetFloat.js)
Linked: (/home/saad/catkin_ws/devel/.private/uuv_gazebo_ros_plugins_msgs/share/gennodejs/ros/uuv_gazebo_ros_plugins_msgs/srv/SetThrusterEfficiency.js, /home/saad/catkin_ws/devel/share/gennodejs/ros/uuv_gazebo_ros_plugins_msgs/srv/SetThrusterEfficiency.js)
Linked: (/home/saad/catkin_ws/devel/.private/uuv_gazebo_ros_plugins_msgs/share/gennodejs/ros/uuv_gazebo_ros_plugins_msgs/srv/GetThrusterEfficiency.js, /home/saad/catkin_ws/devel/share/gennodejs/ros/uuv_gazebo_ros_plugins_msgs/srv/GetThrusterEfficiency.js)
Linked: (/home/saad/catkin_ws/devel/.private/uuv_gazebo_ros_plugins_msgs/share/gennodejs/ros/uuv_gazebo_ros_plugins_msgs/srv/GetThrusterState.js, /home/saad/catkin_ws/devel/share/gennodejs/ros/uuv_gazebo_ros_plugins_msgs/srv/GetThrusterState.js)
Linked: (/home/saad/catkin_ws/devel/.private/uuv_gazebo_ros_plugins_msgs/share/gennodejs/ros/uuv_gazebo_ros_plugins_msgs/srv/GetModelProperties.js, /home/saad/catkin_ws/devel/share/gennodejs/ros/uuv_gazebo_ros_plugins_msgs/srv/GetModelProperties.js)
Linked: (/home/saad/catkin_ws/devel/.private/uuv_gazebo_ros_plugins_msgs/share/gennodejs/ros/uuv_gazebo_ros_plugins_msgs/srv/SetThrusterState.js, /home/saad/catkin_ws/devel/share/gennodejs/ros/uuv_gazebo_ros_plugins_msgs/srv/SetThrusterState.js)
Linked: (/home/saad/catkin_ws/devel/.private/uuv_gazebo_ros_plugins_msgs/share/gennodejs/ros/uuv_gazebo_ros_plugins_msgs/srv/SetUseGlobalCurrentVel.js, /home/saad/catkin_ws/devel/share/gennodejs/ros/uuv_gazebo_ros_plugins_msgs/srv/SetUseGlobalCurrentVel.js)
Linked: (/home/saad/catkin_ws/devel/.private/uuv_gazebo_ros_plugins_msgs/share/gennodejs/ros/uuv_gazebo_ros_plugins_msgs/srv/SetFloat.js, /home/saad/catkin_ws/devel/share/gennodejs/ros/uuv_gazebo_ros_plugins_msgs/srv/SetFloat.js)
Linked: (/home/saad/catkin_ws/devel/.private/uuv_gazebo_ros_plugins_msgs/share/gennodejs/ros/uuv_gazebo_ros_plugins_msgs/srv/GetListParam.js, /home/saad/catkin_ws/devel/share/gennodejs/ros/uuv_gazebo_ros_plugins_msgs/srv/GetListParam.js)
Linked: (/home/saad/catkin_ws/devel/.private/uuv_gazebo_ros_plugins_msgs/share/gennodejs/ros/uuv_gazebo_ros_plugins_msgs/srv/GetThrusterConversionFcn.js, /home/saad/catkin_ws/devel/share/gennodejs/ros/uuv_gazebo_ros_plugins_msgs/srv/GetThrusterConversionFcn.js)
Linked: (/home/saad/catkin_ws/devel/.private/uuv_gazebo_ros_plugins_msgs/share/gennodejs/ros/uuv_gazebo_ros_plugins_msgs/srv/_index.js, /home/saad/catkin_ws/devel/share/gennodejs/ros/uuv_gazebo_ros_plugins_msgs/srv/_index.js)
Linked: (/home/saad/catkin_ws/devel/.private/uuv_gazebo_ros_plugins_msgs/lib/pkgconfig/uuv_gazebo_ros_plugins_msgs.pc, /home/saad/catkin_ws/devel/lib/pkgconfig/uuv_gazebo_ros_plugins_msgs.pc)
Linked: (/home/saad/catkin_ws/devel/.private/uuv_gazebo_ros_plugins_msgs/lib/python3/dist-packages/uuv_gazebo_ros_plugins_msgs/__init__.py, /home/saad/catkin_ws/devel/lib/python3/dist-packages/uuv_gazebo_ros_plugins_msgs/__init__.py)
Linked: (/home/saad/catkin_ws/devel/.private/uuv_gazebo_ros_plugins_msgs/lib/python3/dist-packages/uuv_gazebo_ros_plugins_msgs/msg/_FloatStamped.py, /home/saad/catkin_ws/devel/lib/python3/dist-packages/uuv_gazebo_ros_plugins_msgs/msg/_FloatStamped.py)
Linked: (/home/saad/catkin_ws/devel/.private/uuv_gazebo_ros_plugins_msgs/lib/python3/dist-packages/uuv_gazebo_ros_plugins_msgs/msg/_ThrusterConversionFcn.py, /home/saad/catkin_ws/devel/lib/python3/dist-packages/uuv_gazebo_ros_plugins_msgs/msg/_ThrusterConversionFcn.py)
Linked: (/home/saad/catkin_ws/devel/.private/uuv_gazebo_ros_plugins_msgs/lib/python3/dist-packages/uuv_gazebo_ros_plugins_msgs/msg/_UnderwaterObjectModel.py, /home/saad/catkin_ws/devel/lib/python3/dist-packages/uuv_gazebo_ros_plugins_msgs/msg/_UnderwaterObjectModel.py)
Linked: (/home/saad/catkin_ws/devel/.private/uuv_gazebo_ros_plugins_msgs/lib/python3/dist-packages/uuv_gazebo_ros_plugins_msgs/msg/__init__.py, /home/saad/catkin_ws/devel/lib/python3/dist-packages/uuv_gazebo_ros_plugins_msgs/msg/__init__.py)
Linked: (/home/saad/catkin_ws/devel/.private/uuv_gazebo_ros_plugins_msgs/lib/python3/dist-packages/uuv_gazebo_ros_plugins_msgs/srv/_GetThrusterEfficiency.py, /home/saad/catkin_ws/devel/lib/python3/dist-packages/uuv_gazebo_ros_plugins_msgs/srv/_GetThrusterEfficiency.py)
Linked: (/home/saad/catkin_ws/devel/.private/uuv_gazebo_ros_plugins_msgs/lib/python3/dist-packages/uuv_gazebo_ros_plugins_msgs/srv/_GetThrusterConversionFcn.py, /home/saad/catkin_ws/devel/lib/python3/dist-packages/uuv_gazebo_ros_plugins_msgs/srv/_GetThrusterConversionFcn.py)
Linked: (/home/saad/catkin_ws/devel/.private/uuv_gazebo_ros_plugins_msgs/lib/python3/dist-packages/uuv_gazebo_ros_plugins_msgs/srv/_GetFloat.py, /home/saad/catkin_ws/devel/lib/python3/dist-packages/uuv_gazebo_ros_plugins_msgs/srv/_GetFloat.py)
Linked: (/home/saad/catkin_ws/devel/.private/uuv_gazebo_ros_plugins_msgs/lib/python3/dist-packages/uuv_gazebo_ros_plugins_msgs/srv/_SetThrusterEfficiency.py, /home/saad/catkin_ws/devel/lib/python3/dist-packages/uuv_gazebo_ros_plugins_msgs/srv/_SetThrusterEfficiency.py)
Linked: (/home/saad/catkin_ws/devel/.private/uuv_gazebo_ros_plugins_msgs/lib/python3/dist-packages/uuv_gazebo_ros_plugins_msgs/srv/_GetThrusterState.py, /home/saad/catkin_ws/devel/lib/python3/dist-packages/uuv_gazebo_ros_plugins_msgs/srv/_GetThrusterState.py)
Linked: (/home/saad/catkin_ws/devel/.private/uuv_gazebo_ros_plugins_msgs/lib/python3/dist-packages/uuv_gazebo_ros_plugins_msgs/srv/_GetListParam.py, /home/saad/catkin_ws/devel/lib/python3/dist-packages/uuv_gazebo_ros_plugins_msgs/srv/_GetListParam.py)
Linked: (/home/saad/catkin_ws/devel/.private/uuv_gazebo_ros_plugins_msgs/lib/python3/dist-packages/uuv_gazebo_ros_plugins_msgs/srv/_SetFloat.py, /home/saad/catkin_ws/devel/lib/python3/dist-packages/uuv_gazebo_ros_plugins_msgs/srv/_SetFloat.py)
Linked: (/home/saad/catkin_ws/devel/.private/uuv_gazebo_ros_plugins_msgs/lib/python3/dist-packages/uuv_gazebo_ros_plugins_msgs/srv/_SetUseGlobalCurrentVel.py, /home/saad/catkin_ws/devel/lib/python3/dist-packages/uuv_gazebo_ros_plugins_msgs/srv/_SetUseGlobalCurrentVel.py)
Linked: (/home/saad/catkin_ws/devel/.private/uuv_gazebo_ros_plugins_msgs/lib/python3/dist-packages/uuv_gazebo_ros_plugins_msgs/srv/_SetThrusterState.py, /home/saad/catkin_ws/devel/lib/python3/dist-packages/uuv_gazebo_ros_plugins_msgs/srv/_SetThrusterState.py)
Linked: (/home/saad/catkin_ws/devel/.private/uuv_gazebo_ros_plugins_msgs/lib/python3/dist-packages/uuv_gazebo_ros_plugins_msgs/srv/_GetModelProperties.py, /home/saad/catkin_ws/devel/lib/python3/dist-packages/uuv_gazebo_ros_plugins_msgs/srv/_GetModelProperties.py)
Linked: (/home/saad/catkin_ws/devel/.private/uuv_gazebo_ros_plugins_msgs/lib/python3/dist-packages/uuv_gazebo_ros_plugins_msgs/srv/__init__.py, /home/saad/catkin_ws/devel/lib/python3/dist-packages/uuv_gazebo_ros_plugins_msgs/srv/__init__.py)
